<?xml version="1.0" encoding="UTF-8"?>
<!-- Generated by org.testng.reporters.JUnitReportReporter -->
<testsuite skipped="0" hostname="DESKTOP-68FQSFB" name="com.lumawk6.AppTest" tests="1" failures="0" timestamp="15 May 2023 18:54:50 GMT" time="0.050" errors="0">
  <testcase name="testApp" time="0.050" classname="com.lumawk6.AppTest"/>
</testsuite> <!-- com.lumawk6.AppTest -->
